
> aoh-website@0.1.0 reach:warmup
> node scripts/reach-warmup-autopilot.mjs --lane relay --execute auto


> node scripts/launch-reach-campaign.mjs --lane relay --industry veterinary --area Connecticut --limit 20 --timeout-ms 120000 --out tmp-reach-warmup-relay-2026-05-20-a1.json
Scraping Outscraper query: veterinary, Connecticut, USA
Limit: 20. Enrichment: contacts_n_leads.
Prepared 20 Relay prospects.
Saved normalized prospects to tmp-reach-warmup-relay-2026-05-20-a1.json.

DRY RUN ONLY. Nothing was added to GHL.
Review the output file, then rerun with --commit.
To also start the drip, add --start-drip.

Sample:
- Connecticut Veterinary Center <r.perez@ctvetcenter.com> West Hartford Connecticut
- Connecticut Veterinary Center <c.holder@ctvetcenter.com> West Hartford Connecticut
- Connecticut Veterinary Center <webmaster@veternet.com> West Hartford Connecticut

> node scripts/reach-json-to-csv.mjs --input tmp-reach-warmup-relay-2026-05-20-a1.json --out tmp-reach-warmup-relay-2026-05-20-a1-clean.csv
Input JSON rows: 20
CSV written: tmp-reach-warmup-relay-2026-05-20-a1-clean.csv

> node scripts/reach-filter-fresh-prospects.mjs --lane relay --csv tmp-reach-warmup-relay-2026-05-20-a1-clean.csv --out tmp-reach-warmup-relay-2026-05-20-a1-fresh.csv --state Connecticut
Input rows: 20
Fresh rows kept: 20
Removed rows: 0
Fresh CSV: tmp-reach-warmup-relay-2026-05-20-a1-fresh.csv
Removed CSV: tmp-reach-warmup-relay-2026-05-20-a1-fresh-removed.csv
No GHL API calls were made. This is CSV filtering only.

> node scripts/verify-reach-emails.mjs --provider neverbounce --csv tmp-reach-warmup-relay-2026-05-20-a1-fresh.csv --out tmp-reach-warmup-relay-2026-05-20-a1-verified.csv --report tmp-reach-warmup-relay-2026-05-20-a1-verified-report.json
Loaded 20 rows from tmp-reach-warmup-relay-2026-05-20-a1-fresh.csv.
KEEP r.perez@ctvetcenter.com valid
REMOVE c.holder@ctvetcenter.com invalid
REMOVE webmaster@veternet.com unknown
REMOVE trina@foothillvet.com invalid
KEEP justina_marie54@hotmail.com valid
KEEP mooschue@gmail.com valid
KEEP ravenribbs@gmail.com valid
KEEP mpapero3@aol.com valid
KEEP twilightgo@aol.com valid
REMOVE andrew.triolo@vcaantech.com catchall
KEEP amykauz@yahoo.com valid
REMOVE tcoronado@aetcenter.com unknown
KEEP emazzaferro@hotmail.com valid
KEEP inez_earth@yahoo.com valid
REMOVE ctong@cuvs.org invalid
KEEP veterinaryurgentandwellcare@gmail.com valid
KEEP vsatyender@gmail.com valid
REMOVE david@veg.com unknown
REMOVE bloodbank@veg.vet unknown
REMOVE asheville@veg.vet unknown

Input: 20
Kept: 11
Removed: 9
Verified CSV: tmp-reach-warmup-relay-2026-05-20-a1-verified.csv
Verification report: tmp-reach-warmup-relay-2026-05-20-a1-verified-report.json

> node scripts/reach-quality-review.mjs --lane relay --csv tmp-reach-warmup-relay-2026-05-20-a1-verified.csv --out tmp-reach-warmup-relay-2026-05-20-a1-qa.csv
Rows reviewed: 11
OK rows: 1
Review rows: 10
QA CSV: tmp-reach-warmup-relay-2026-05-20-a1-qa.csv
QA report: /home/runner/work/aoh-website/aoh-website/docs/client-ops-ledger/outbox/reach-relay-quality-2026-05-21.md

> node scripts/launch-reach-campaign.mjs --lane relay --industry emergency veterinary --area Connecticut --limit 20 --timeout-ms 120000 --out tmp-reach-warmup-relay-2026-05-20-a2.json
Scraping Outscraper query: emergency veterinary, Connecticut, USA
Limit: 20. Enrichment: contacts_n_leads.
Prepared 20 Relay prospects.
Saved normalized prospects to tmp-reach-warmup-relay-2026-05-20-a2.json.

DRY RUN ONLY. Nothing was added to GHL.
Review the output file, then rerun with --commit.
To also start the drip, add --start-drip.

Sample:
- Veterinary Emergency Center <surgery@criticalvet.com> Canton Connecticut
- Veterinary Emergency Center <info@vecofcanton.com> Canton Connecticut
- VCA Shoreline Veterinary Referral and Emergency Center <trina@foothillvet.com> Shelton Connecticut

> node scripts/reach-json-to-csv.mjs --input tmp-reach-warmup-relay-2026-05-20-a2.json --out tmp-reach-warmup-relay-2026-05-20-a2-clean.csv
Input JSON rows: 20
CSV written: tmp-reach-warmup-relay-2026-05-20-a2-clean.csv

> node scripts/reach-filter-fresh-prospects.mjs --lane relay --csv tmp-reach-warmup-relay-2026-05-20-a2-clean.csv --out tmp-reach-warmup-relay-2026-05-20-a2-fresh.csv --state Connecticut
Input rows: 20
Fresh rows kept: 20
Removed rows: 0
Fresh CSV: tmp-reach-warmup-relay-2026-05-20-a2-fresh.csv
Removed CSV: tmp-reach-warmup-relay-2026-05-20-a2-fresh-removed.csv
No GHL API calls were made. This is CSV filtering only.

> node scripts/verify-reach-emails.mjs --provider neverbounce --csv tmp-reach-warmup-relay-2026-05-20-a2-fresh.csv --out tmp-reach-warmup-relay-2026-05-20-a2-verified.csv --report tmp-reach-warmup-relay-2026-05-20-a2-verified-report.json
Loaded 20 rows from tmp-reach-warmup-relay-2026-05-20-a2-fresh.csv.
KEEP surgery@criticalvet.com valid
KEEP info@vecofcanton.com valid
REMOVE trina@foothillvet.com invalid
KEEP justina_marie54@hotmail.com valid
KEEP mooschue@gmail.com valid
KEEP r.perez@ctvetcenter.com valid
REMOVE c.holder@ctvetcenter.com invalid
REMOVE webmaster@veternet.com unknown
KEEP ravenribbs@gmail.com valid
KEEP mpapero3@aol.com valid
KEEP twilightgo@aol.com valid
KEEP internship@piepervet.com valid
KEEP cruggiero@piepervet.com valid
KEEP kkimball@piepervet.com valid
KEEP hartman.347@gmail.com valid
KEEP angie@uga.edu valid
KEEP dbussewitz@gmail.com valid
REMOVE david@veg.com unknown
REMOVE bloodbank@veg.vet unknown
REMOVE asheville@veg.vet unknown

Input: 20
Kept: 14
Removed: 6
Verified CSV: tmp-reach-warmup-relay-2026-05-20-a2-verified.csv
Verification report: tmp-reach-warmup-relay-2026-05-20-a2-verified-report.json

> node scripts/reach-quality-review.mjs --lane relay --csv tmp-reach-warmup-relay-2026-05-20-a2-verified.csv --out tmp-reach-warmup-relay-2026-05-20-a2-qa.csv
Rows reviewed: 14
OK rows: 1
Review rows: 13
QA CSV: tmp-reach-warmup-relay-2026-05-20-a2-qa.csv
QA report: /home/runner/work/aoh-website/aoh-website/docs/client-ops-ledger/outbox/reach-relay-quality-2026-05-21.md

> node scripts/launch-reach-campaign.mjs --lane relay --industry HVAC contractor --area Connecticut --limit 20 --timeout-ms 120000 --out tmp-reach-warmup-relay-2026-05-20-a3.json
Scraping Outscraper query: HVAC contractor, Connecticut, USA
Limit: 20. Enrichment: contacts_n_leads.
Prepared 20 Relay prospects.
Saved normalized prospects to tmp-reach-warmup-relay-2026-05-20-a3.json.

DRY RUN ONLY. Nothing was added to GHL.
Review the output file, then rerun with --commit.
To also start the drip, add --start-drip.

Sample:
- Connecticut HVAC Services llc <cthvacservices@gmail.com> East Lyme Connecticut
- Total Mechanical Systems <rm221@hotmail.com> Plainville Connecticut
- Total Mechanical Systems <andre@harphomeservices.com> Plainville Connecticut

> node scripts/reach-json-to-csv.mjs --input tmp-reach-warmup-relay-2026-05-20-a3.json --out tmp-reach-warmup-relay-2026-05-20-a3-clean.csv
Input JSON rows: 20
CSV written: tmp-reach-warmup-relay-2026-05-20-a3-clean.csv

> node scripts/reach-filter-fresh-prospects.mjs --lane relay --csv tmp-reach-warmup-relay-2026-05-20-a3-clean.csv --out tmp-reach-warmup-relay-2026-05-20-a3-fresh.csv --state Connecticut
Input rows: 20
Fresh rows kept: 20
Removed rows: 0
Fresh CSV: tmp-reach-warmup-relay-2026-05-20-a3-fresh.csv
Removed CSV: tmp-reach-warmup-relay-2026-05-20-a3-fresh-removed.csv
No GHL API calls were made. This is CSV filtering only.

> node scripts/verify-reach-emails.mjs --provider neverbounce --csv tmp-reach-warmup-relay-2026-05-20-a3-fresh.csv --out tmp-reach-warmup-relay-2026-05-20-a3-verified.csv --report tmp-reach-warmup-relay-2026-05-20-a3-verified-report.json
Loaded 20 rows from tmp-reach-warmup-relay-2026-05-20-a3-fresh.csv.
KEEP cthvacservices@gmail.com valid
KEEP rm221@hotmail.com valid
REMOVE andre@harphomeservices.com invalid
REMOVE acorjulo@tmscomfort.com unknown
KEEP ron52183@gmail.com valid
REMOVE l.piombo@americanheatingservice.com invalid
KEEP team@latofonts.com valid
REMOVE kathynoiseux@mac.com unknown
KEEP cdl.lundgren@gmail.com valid
REMOVE cassie@dynamichvac.net unknown
KEEP blaporta08@yahoo.com valid
REMOVE redgerton@edgertonhvac.com catchall
REMOVE dstott@edgertonhvac.com catchall
KEEP mike@climatechmechanical.com valid
KEEP joe@climatechmechanical.com valid
REMOVE m.naski@climatechmechanical.com invalid
REMOVE r.tyler@tylerair.com invalid
REMOVE alexis@tylerair.com invalid
KEEP cindammort@aol.com valid
KEEP badgerboysrq@aol.com valid

Input: 20
Kept: 10
Removed: 10
Verified CSV: tmp-reach-warmup-relay-2026-05-20-a3-verified.csv
Verification report: tmp-reach-warmup-relay-2026-05-20-a3-verified-report.json

> node scripts/reach-quality-review.mjs --lane relay --csv tmp-reach-warmup-relay-2026-05-20-a3-verified.csv --out tmp-reach-warmup-relay-2026-05-20-a3-qa.csv
Rows reviewed: 10
OK rows: 0
Review rows: 10
QA CSV: tmp-reach-warmup-relay-2026-05-20-a3-qa.csv
QA report: /home/runner/work/aoh-website/aoh-website/docs/client-ops-ledger/outbox/reach-relay-quality-2026-05-21.md

> node scripts/launch-reach-campaign.mjs --lane relay --industry plumber --area Connecticut --limit 20 --timeout-ms 120000 --out tmp-reach-warmup-relay-2026-05-20-a4.json
Scraping Outscraper query: plumber, Connecticut, USA
Limit: 20. Enrichment: contacts_n_leads.
Prepared 20 Relay prospects.
Saved normalized prospects to tmp-reach-warmup-relay-2026-05-20-a4.json.

DRY RUN ONLY. Nothing was added to GHL.
Review the output file, then rerun with --commit.
To also start the drip, add --start-drip.

Sample:
- bluefrog Plumbing + Drain of Central Connecticut <ncfazzinoplumbing@gmail.com> Wallingford Connecticut
- bluefrog Plumbing + Drain of Central Connecticut <csr@bfplumbingct.com> Wallingford Connecticut
- Advance Plumbing & Heating, Inc. <azplumbers@aol.com> Newington Connecticut

> node scripts/reach-json-to-csv.mjs --input tmp-reach-warmup-relay-2026-05-20-a4.json --out tmp-reach-warmup-relay-2026-05-20-a4-clean.csv
Input JSON rows: 20
CSV written: tmp-reach-warmup-relay-2026-05-20-a4-clean.csv

> node scripts/reach-filter-fresh-prospects.mjs --lane relay --csv tmp-reach-warmup-relay-2026-05-20-a4-clean.csv --out tmp-reach-warmup-relay-2026-05-20-a4-fresh.csv --state Connecticut
Input rows: 20
Fresh rows kept: 20
Removed rows: 0
Fresh CSV: tmp-reach-warmup-relay-2026-05-20-a4-fresh.csv
Removed CSV: tmp-reach-warmup-relay-2026-05-20-a4-fresh-removed.csv
No GHL API calls were made. This is CSV filtering only.

> node scripts/verify-reach-emails.mjs --provider neverbounce --csv tmp-reach-warmup-relay-2026-05-20-a4-fresh.csv --out tmp-reach-warmup-relay-2026-05-20-a4-verified.csv --report tmp-reach-warmup-relay-2026-05-20-a4-verified-report.json
Loaded 20 rows from tmp-reach-warmup-relay-2026-05-20-a4-fresh.csv.
KEEP ncfazzinoplumbing@gmail.com valid
KEEP csr@bfplumbingct.com valid
KEEP azplumbers@aol.com valid
KEEP joey@joeyperras.com valid
REMOVE office@onzescph.com catchall
REMOVE m.b@mrrootersea.com invalid
REMOVE p.d@sparaco.com invalid
REMOVE carmenita.jack@mrrootersea.com invalid
REMOVE jason@jnrplumbing.com invalid
REMOVE info@nwsewer.com invalid
REMOVE jnrplumbingllc@gmail.com invalid
KEEP cfitzg6505@aol.com valid
KEEP gjc3839@aol.com valid
KEEP studwld@aol.com valid
KEEP escapeplumbing@optonline.net valid
KEEP escapeplumbing@gmail.com valid
KEEP hello@rfuenzalida.com valid
KEEP matt@pixelspread.com valid
KEEP tim@vanguardplumbingsolutions.com valid
KEEP fire_06786@yahoo.com valid

Input: 20
Kept: 13
Removed: 7
Verified CSV: tmp-reach-warmup-relay-2026-05-20-a4-verified.csv
Verification report: tmp-reach-warmup-relay-2026-05-20-a4-verified-report.json

> node scripts/reach-quality-review.mjs --lane relay --csv tmp-reach-warmup-relay-2026-05-20-a4-verified.csv --out tmp-reach-warmup-relay-2026-05-20-a4-qa.csv
Rows reviewed: 13
OK rows: 1
Review rows: 12
QA CSV: tmp-reach-warmup-relay-2026-05-20-a4-qa.csv
QA report: /home/runner/work/aoh-website/aoh-website/docs/client-ops-ledger/outbox/reach-relay-quality-2026-05-21.md

> node scripts/launch-reach-campaign.mjs --lane relay --industry electrician --area Connecticut --limit 20 --timeout-ms 120000 --out tmp-reach-warmup-relay-2026-05-20-a5.json
Scraping Outscraper query: electrician, Connecticut, USA
Limit: 20. Enrichment: contacts_n_leads.
